<?xml version="1.0" encoding="UTF-8" ?>
<testsuite failures="0" time="0.287" errors="0" skipped="0" tests="13" name="com.kesstec.MockitoLearningTest">
  <properties>
[...]
</properties>
  <testcase time="0.191" classname="com.kesstec.MockitoLearningTest" name="testInterfaceMock"/>
  <testcase time="0.009" classname="com.kesstec.MockitoLearningTest" name="testImplMock"/>
  <testcase time="0.015" classname="com.kesstec.MockitoLearningTest" name="testDefaultValues"/>
  <testcase time="0.007" classname="com.kesstec.MockitoLearningTest" name="testWhen"/>
  <testcase time="0.01" classname="com.kesstec.MockitoLearningTest" name="testVerify"/>
  <testcase time="0.001" classname="com.kesstec.MockitoLearningTest" name="testVerifyTimes"/>
  <testcase time="0.004" classname="com.kesstec.MockitoLearningTest" name="testVerifyAtLeastOnce"/>
  <testcase time="0.002" classname="com.kesstec.MockitoLearningTest" name="testVerifyNoMoreInteractions"/>
  <testcase time="0.004" classname="com.kesstec.MockitoLearningTest" name="testThenThrow"/>
  <testcase time="0.003" classname="com.kesstec.MockitoLearningTest" name="testDoThrow"/>
  <testcase time="0.002" classname="com.kesstec.MockitoLearningTest" name="testCheckAgeOf_UnderAge"/>
  <testcase time="0.001" classname="com.kesstec.MockitoLearningTest" name="testCheckAgeOf_OfAge"/>
  <testcase time="0.001" classname="com.kesstec.MockitoLearningTest" name="testCheckAgeOf_Null"/>
</testsuite>